<?xml version="1.0" encoding="UTF-8"?>
<testsuite xmlns:xsi="http://www.w3.org/2001/XMLSchema-instance" xsi:noNamespaceSchemaLocation="https://maven.apache.org/surefire/maven-surefire-plugin/xsd/surefire-test-report.xsd" version="3.0.1" name="TestSuite" time="1.451" tests="2" errors="0" skipped="0" failures="0">
  <properties>
[...]
</properties>
  <testcase name="display1" classname="AkashSoftwareSolutions._04_BeforeAndAfterTest1" time="0.008">
    <system-out><![CDATA[Within login()
Within display1()
]]></system-out>
    <system-err><![CDATA[SLF4J: Failed to load class "org.slf4j.impl.StaticLoggerBinder".
SLF4J: Defaulting to no-operation (NOP) logger implementation
SLF4J: See http://www.slf4j.org/codes.html#StaticLoggerBinder for further details.
]]></system-err>
  </testcase>
  <testcase name="display2" classname="AkashSoftwareSolutions._04_BeforeAndAfterTest2" time="0.018">
    <system-out><![CDATA[Within display2()
]]></system-out>
  </testcase>
</testsuite>