<?xml version="1.0" encoding="UTF-8"?>
<testng-results ignored="0" total="2" passed="2" failed="0" skipped="0">
  <reporter-output>
  </reporter-output>
  <suite started-at="2026-09-26T14:22:39 IST" name="Test Suite 101" finished-at="2026-09-26T14:22:39 IST" duration-ms="161">
    <groups>
    </groups>
    <test started-at="2026-09-26T14:22:39 IST" name="Test 101" finished-at="2026-09-26T14:22:39 IST" duration-ms="161">
      <class name="AkashSoftwareSolutions._04_BeforeAndAfterTest5">
        <test-method is-config="true" signature="login()[pri:0, instance:AkashSoftwareSolutions._04_BeforeAndAfterTest5@fdefd3f]" started-at="2026-09-26T14:22:39 IST" name="login" finished-at="2026-09-26T14:22:39 IST" duration-ms="32" status="PASS">
          <reporter-output>
          </reporter-output>
        </test-method> <!-- login -->
        <test-method signature="display5()[pri:0, instance:AkashSoftwareSolutions._04_BeforeAndAfterTest5@fdefd3f]" started-at="2026-09-26T14:22:39 IST" name="display5" finished-at="2026-09-26T14:22:39 IST" duration-ms="7" status="PASS">
          <reporter-output>
          </reporter-output>
        </test-method> <!-- display5 -->
        <test-method is-config="true" signature="logout()[pri:0, instance:AkashSoftwareSolutions._04_BeforeAndAfterTest5@fdefd3f]" started-at="2026-09-26T14:22:39 IST" name="logout" finished-at="2026-09-26T14:22:39 IST" duration-ms="1" status="PASS">
          <reporter-output>
          </reporter-output>
        </test-method> <!-- logout -->
      </class> <!-- AkashSoftwareSolutions._04_BeforeAndAfterTest5 -->
      <class name="AkashSoftwareSolutions._04_BeforeAndAfterTest6">
        <test-method is-config="true" signature="login()[pri:0, instance:AkashSoftwareSolutions._04_BeforeAndAfterTest6@7a52f2a2]" started-at="2026-09-26T14:22:39 IST" name="login" finished-at="2026-09-26T14:22:39 IST" duration-ms="1" status="PASS">
          <reporter-output>
          </reporter-output>
        </test-method> <!-- login -->
        <test-method signature="display6()[pri:0, instance:AkashSoftwareSolutions._04_BeforeAndAfterTest6@7a52f2a2]" started-at="2026-09-26T14:22:39 IST" name="display6" finished-at="2026-09-26T14:22:39 IST" duration-ms="2" status="PASS">
          <reporter-output>
          </reporter-output>
        </test-method> <!-- display6 -->
        <test-method is-config="true" signature="logout()[pri:0, instance:AkashSoftwareSolutions._04_BeforeAndAfterTest6@7a52f2a2]" started-at="2026-09-26T14:22:39 IST" name="logout" finished-at="2026-09-26T14:22:39 IST" duration-ms="4" status="PASS">
          <reporter-output>
          </reporter-output>
        </test-method> <!-- logout -->
      </class> <!-- AkashSoftwareSolutions._04_BeforeAndAfterTest6 -->
    </test> <!-- Test 101 -->
  </suite> <!-- Test Suite 101 -->
</testng-results>
