<?xml version="1.0" encoding="UTF-8"?>
<!-- Generated by org.testng.reporters.JUnitXMLReporter -->
<testsuite ignored="2" hostname="AkashLenovo" failures="0" tests="2" name="Test 101" time="0.127" errors="0" timestamp="2026-09-26T14:04:02 IST">
  <testcase classname="AkashSoftwareSolutions._04_BeforeAndAfterTest1" name="display1" time="0.007"/>
  <testcase classname="AkashSoftwareSolutions._04_BeforeAndAfterTest2" name="display2" time="0.002"/>
  <testcase classname="AkashSoftwareSolutions._04_BeforeAndAfterTest0" name="@AfterTest logout" time="0.0">
    <ignored/>
  </testcase> <!-- @AfterTest logout -->
  <testcase classname="AkashSoftwareSolutions._04_BeforeAndAfterTest0" name="@BeforeTest login" time="0.0">
    <ignored/>
  </testcase> <!-- @BeforeTest login -->
</testsuite> <!-- Test 101 -->
