<?xml version="1.0" encoding="UTF-8"?>
<!-- Generated by org.testng.reporters.JUnitReportReporter -->
<testsuite hostname="AkashLenovo" failures="0" tests="2" name="AkashSoftwareSolutions.SampleTest" time="0.083" errors="0" timestamp="2026-09-24T13:13:17 IST" skipped="0">
  <testcase classname="AkashSoftwareSolutions.SampleTest" name="display2" time="0.008"/>
  <testcase classname="AkashSoftwareSolutions.SampleTest" name="display1" time="0.075"/>
</testsuite> <!-- AkashSoftwareSolutions.SampleTest -->
