<?xml version="1.0" encoding="UTF-8"?>
<!-- Generated by org.testng.reporters.JUnitReportReporter -->
<testsuite hostname="AkashLenovo" failures="0" tests="2" name="AkashSoftwareSolutions._02_BeforeAndAfterMethod" time="0.037" errors="0" timestamp="2026-09-24T15:00:06 IST" skipped="0">
  <testcase classname="AkashSoftwareSolutions._02_BeforeAndAfterMethod" name="display2" time="0.003"/>
  <testcase classname="AkashSoftwareSolutions._02_BeforeAndAfterMethod" name="display1" time="0.034"/>
</testsuite> <!-- AkashSoftwareSolutions._02_BeforeAndAfterMethod -->
